This is pdfTeX, Version 3.141592653-2.6-1.40.24 (TeX Live 2022) (preloaded format=pdflatex 2022.10.17)  9 JUN 2023 20:10
entering extended mode
 restricted \write18 enabled.
 %&-line parsing enabled.
**report_pdfFormat.tex
(./report_pdfFormat.tex
LaTeX2e <2022-06-01> patch level 5
L3 programming layer <2022-09-28> (/Users/nishthaarora/Library/TinyTeX/texmf-dist/tex/latex/base/report.cls
Document Class: report 2021/10/04 v1.4n Standard LaTeX document class
(/Users/nishthaarora/Library/TinyTeX/texmf-dist/tex/latex/base/size12.clo
File: size12.clo 2021/10/04 v1.4n Standard LaTeX file (size option)
)
\c@part=\count185
\c@chapter=\count186
\c@section=\count187
\c@subsection=\count188
\c@subsubsection=\count189
\c@paragraph=\count190
\c@subparagraph=\count191
\c@figure=\count192
\c@table=\count193
\abovecaptionskip=\skip47
\belowcaptionskip=\skip48
\bibindent=\dimen138
) (/Users/nishthaarora/Library/TinyTeX/texmf-dist/tex/latex/amsmath/amsmath.sty
Package: amsmath 2022/04/08 v2.17n AMS math features
\@mathmargin=\skip49
For additional information on amsmath, use the `?' option.
(/Users/nishthaarora/Library/TinyTeX/texmf-dist/tex/latex/amsmath/amstext.sty
Package: amstext 2021/08/26 v2.01 AMS text
(/Users/nishthaarora/Library/TinyTeX/texmf-dist/tex/latex/amsmath/amsgen.sty
File: amsgen.sty 1999/11/30 v2.0 generic functions
\@emptytoks=\toks16
\ex@=\dimen139
)) (/Users/nishthaarora/Library/TinyTeX/texmf-dist/tex/latex/amsmath/amsbsy.sty
Package: amsbsy 1999/11/29 v1.2d Bold Symbols
\pmbraise@=\dimen140
) (/Users/nishthaarora/Library/TinyTeX/texmf-dist/tex/latex/amsmath/amsopn.sty
Package: amsopn 2022/04/08 v2.04 operator names
)
\inf@bad=\count194
LaTeX Info: Redefining \frac on input line 234.
\uproot@=\count195
\leftroot@=\count196
LaTeX Info: Redefining \overline on input line 399.
LaTeX Info: Redefining \colon on input line 410.
\classnum@=\count197
\DOTSCASE@=\count198
LaTeX Info: Redefining \ldots on input line 496.
LaTeX Info: Redefining \dots on input line 499.
LaTeX Info: Redefining \cdots on input line 620.
\Mathstrutbox@=\box51
\strutbox@=\box52
LaTeX Info: Redefining \big on input line 722.
LaTeX Info: Redefining \Big on input line 723.
LaTeX Info: Redefining \bigg on input line 724.
LaTeX Info: Redefining \Bigg on input line 725.
\big@size=\dimen141
LaTeX Font Info:    Redeclaring font encoding OML on input line 743.
LaTeX Font Info:    Redeclaring font encoding OMS on input line 744.
\macc@depth=\count199
LaTeX Info: Redefining \bmod on input line 905.
LaTeX Info: Redefining \pmod on input line 910.
LaTeX Info: Redefining \smash on input line 940.
LaTeX Info: Redefining \relbar on input line 970.
LaTeX Info: Redefining \Relbar on input line 971.
\c@MaxMatrixCols=\count266
\dotsspace@=\muskip16
\c@parentequation=\count267
\dspbrk@lvl=\count268
\tag@help=\toks17
\row@=\count269
\column@=\count270
\maxfields@=\count271
\andhelp@=\toks18
\eqnshift@=\dimen142
\alignsep@=\dimen143
\tagshift@=\dimen144
\tagwidth@=\dimen145
\totwidth@=\dimen146
\lineht@=\dimen147
\@envbody=\toks19
\multlinegap=\skip50
\multlinetaggap=\skip51
\mathdisplay@stack=\toks20
LaTeX Info: Redefining \[ on input line 2953.
LaTeX Info: Redefining \] on input line 2954.
) (/Users/nishthaarora/Library/TinyTeX/texmf-dist/tex/latex/amsfonts/amssymb.sty
Package: amssymb 2013/01/14 v3.01 AMS font symbols
(/Users/nishthaarora/Library/TinyTeX/texmf-dist/tex/latex/amsfonts/amsfonts.sty
Package: amsfonts 2013/01/14 v3.01 Basic AMSFonts support
\symAMSa=\mathgroup4
\symAMSb=\mathgroup5
LaTeX Font Info:    Redeclaring math symbol \hbar on input line 98.
LaTeX Font Info:    Overwriting math alphabet `\mathfrak' in version `bold'
(Font)                  U/euf/m/n --> U/euf/b/n on input line 106.
)) (/Users/nishthaarora/Library/TinyTeX/texmf-dist/tex/latex/lm/lmodern.sty
Package: lmodern 2015/05/01 v1.6.1 Latin Modern Fonts
LaTeX Font Info:    Overwriting symbol font `operators' in version `normal'
(Font)                  OT1/cmr/m/n --> OT1/lmr/m/n on input line 22.
LaTeX Font Info:    Overwriting symbol font `letters' in version `normal'
(Font)                  OML/cmm/m/it --> OML/lmm/m/it on input line 23.
LaTeX Font Info:    Overwriting symbol font `symbols' in version `normal'
(Font)                  OMS/cmsy/m/n --> OMS/lmsy/m/n on input line 24.
LaTeX Font Info:    Overwriting symbol font `largesymbols' in version `normal'
(Font)                  OMX/cmex/m/n --> OMX/lmex/m/n on input line 25.
LaTeX Font Info:    Overwriting symbol font `operators' in version `bold'
(Font)                  OT1/cmr/bx/n --> OT1/lmr/bx/n on input line 26.
LaTeX Font Info:    Overwriting symbol font `letters' in version `bold'
(Font)                  OML/cmm/b/it --> OML/lmm/b/it on input line 27.
LaTeX Font Info:    Overwriting symbol font `symbols' in version `bold'
(Font)                  OMS/cmsy/b/n --> OMS/lmsy/b/n on input line 28.
LaTeX Font Info:    Overwriting symbol font `largesymbols' in version `bold'
(Font)                  OMX/cmex/m/n --> OMX/lmex/m/n on input line 29.
LaTeX Font Info:    Overwriting math alphabet `\mathbf' in version `normal'
(Font)                  OT1/cmr/bx/n --> OT1/lmr/bx/n on input line 31.
LaTeX Font Info:    Overwriting math alphabet `\mathsf' in version `normal'
(Font)                  OT1/cmss/m/n --> OT1/lmss/m/n on input line 32.
LaTeX Font Info:    Overwriting math alphabet `\mathit' in version `normal'
(Font)                  OT1/cmr/m/it --> OT1/lmr/m/it on input line 33.
LaTeX Font Info:    Overwriting math alphabet `\mathtt' in version `normal'
(Font)                  OT1/cmtt/m/n --> OT1/lmtt/m/n on input line 34.
LaTeX Font Info:    Overwriting math alphabet `\mathbf' in version `bold'
(Font)                  OT1/cmr/bx/n --> OT1/lmr/bx/n on input line 35.
LaTeX Font Info:    Overwriting math alphabet `\mathsf' in version `bold'
(Font)                  OT1/cmss/bx/n --> OT1/lmss/bx/n on input line 36.
LaTeX Font Info:    Overwriting math alphabet `\mathit' in version `bold'
(Font)                  OT1/cmr/bx/it --> OT1/lmr/bx/it on input line 37.
LaTeX Font Info:    Overwriting math alphabet `\mathtt' in version `bold'
(Font)                  OT1/cmtt/m/n --> OT1/lmtt/m/n on input line 38.
) (/Users/nishthaarora/Library/TinyTeX/texmf-dist/tex/generic/iftex/iftex.sty
Package: iftex 2022/02/03 v1.0f TeX engine tests
) (/Users/nishthaarora/Library/TinyTeX/texmf-dist/tex/latex/base/fontenc.sty
Package: fontenc 2021/04/29 v2.0v Standard LaTeX package
LaTeX Font Info:    Trying to load font information for T1+lmr on input line 112.
(/Users/nishthaarora/Library/TinyTeX/texmf-dist/tex/latex/lm/t1lmr.fd
File: t1lmr.fd 2015/05/01 v1.6.1 Font defs for Latin Modern
)) (/Users/nishthaarora/Library/TinyTeX/texmf-dist/tex/latex/base/inputenc.sty
Package: inputenc 2021/02/14 v1.3d Input encoding file
\inpenc@prehook=\toks21
\inpenc@posthook=\toks22
) (/Users/nishthaarora/Library/TinyTeX/texmf-dist/tex/latex/base/textcomp.sty
Package: textcomp 2020/02/02 v2.0n Standard LaTeX package
) (/Users/nishthaarora/Library/TinyTeX/texmf-dist/tex/latex/microtype/microtype.sty
Package: microtype 2022/06/23 v3.0f Micro-typographical refinements (RS)
(/Users/nishthaarora/Library/TinyTeX/texmf-dist/tex/latex/graphics/keyval.sty
Package: keyval 2022/05/29 v1.15 key=value parser (DPC)
\KV@toks@=\toks23
) (/Users/nishthaarora/Library/TinyTeX/texmf-dist/tex/latex/etoolbox/etoolbox.sty
Package: etoolbox 2020/10/05 v2.5k e-TeX tools for LaTeX (JAW)
\etb@tempcnta=\count272
)
\MT@toks=\toks24
\MT@tempbox=\box53
\MT@count=\count273
LaTeX Info: Redefining \noprotrusionifhmode on input line 1045.
LaTeX Info: Redefining \leftprotrusion on input line 1046.
LaTeX Info: Redefining \rightprotrusion on input line 1056.
LaTeX Info: Redefining \textls on input line 1234.
\MT@outer@kern=\dimen148
LaTeX Info: Redefining \textmicrotypecontext on input line 1858.
\MT@listname@count=\count274
(/Users/nishthaarora/Library/TinyTeX/texmf-dist/tex/latex/microtype/microtype-pdftex.def
File: microtype-pdftex.def 2022/06/23 v3.0f Definitions specific to pdftex (RS)
LaTeX Info: Redefining \lsstyle on input line 900.
LaTeX Info: Redefining \lslig on input line 900.
\MT@outer@space=\skip52
)
Package microtype Info: Loading configuration file microtype.cfg.
(/Users/nishthaarora/Library/TinyTeX/texmf-dist/tex/latex/microtype/microtype.cfg
File: microtype.cfg 2022/06/23 v3.0f microtype main configuration file (RS)
)) (/Users/nishthaarora/Library/TinyTeX/texmf-dist/tex/latex/parskip/parskip.sty
Package: parskip 2021-03-14 v2.0h non-zero parskip adjustments
(/Users/nishthaarora/Library/TinyTeX/texmf-dist/tex/latex/kvoptions/kvoptions.sty
Package: kvoptions 2022-06-15 v3.15 Key value format for package options (HO)
(/Users/nishthaarora/Library/TinyTeX/texmf-dist/tex/generic/ltxcmds/ltxcmds.sty
Package: ltxcmds 2020-05-10 v1.25 LaTeX kernel commands for general use (HO)
) (/Users/nishthaarora/Library/TinyTeX/texmf-dist/tex/latex/kvsetkeys/kvsetkeys.sty
Package: kvsetkeys 2022-10-05 v1.19 Key value parser (HO)
))) (/Users/nishthaarora/Library/TinyTeX/texmf-dist/tex/latex/xcolor/xcolor.sty
Package: xcolor 2022/06/12 v2.14 LaTeX color extensions (UK)
(/Users/nishthaarora/Library/TinyTeX/texmf-dist/tex/latex/graphics-cfg/color.cfg
File: color.cfg 2016/01/02 v1.6 sample color configuration
)
Package xcolor Info: Driver file: pdftex.def on input line 227.
(/Users/nishthaarora/Library/TinyTeX/texmf-dist/tex/latex/graphics-def/pdftex.def
File: pdftex.def 2022/09/22 v1.2b Graphics/color driver for pdftex
\stockwidth=\dimen149
\stockheight=\dimen150
) (/Users/nishthaarora/Library/TinyTeX/texmf-dist/tex/latex/graphics/mathcolor.ltx)
Package xcolor Info: Model `cmy' substituted by `cmy0' on input line 1353.
Package xcolor Info: Model `hsb' substituted by `rgb' on input line 1357.
Package xcolor Info: Model `RGB' extended on input line 1369.
Package xcolor Info: Model `HTML' substituted by `rgb' on input line 1371.
Package xcolor Info: Model `Hsb' substituted by `hsb' on input line 1372.
Package xcolor Info: Model `tHsb' substituted by `hsb' on input line 1373.
Package xcolor Info: Model `HSB' substituted by `hsb' on input line 1374.
Package xcolor Info: Model `Gray' substituted by `gray' on input line 1375.
Package xcolor Info: Model `wave' substituted by `hsb' on input line 1376.
) (/Users/nishthaarora/Library/TinyTeX/texmf-dist/tex/latex/graphics/graphicx.sty
Package: graphicx 2021/09/16 v1.2d Enhanced LaTeX Graphics (DPC,SPQR)
(/Users/nishthaarora/Library/TinyTeX/texmf-dist/tex/latex/graphics/graphics.sty
Package: graphics 2022/03/10 v1.4e Standard LaTeX Graphics (DPC,SPQR)
(/Users/nishthaarora/Library/TinyTeX/texmf-dist/tex/latex/graphics/trig.sty
Package: trig 2021/08/11 v1.11 sin cos tan (DPC)
) (/Users/nishthaarora/Library/TinyTeX/texmf-dist/tex/latex/graphics-cfg/graphics.cfg
File: graphics.cfg 2016/06/04 v1.11 sample graphics configuration
)
Package graphics Info: Driver file: pdftex.def on input line 107.
)
\Gin@req@height=\dimen151
\Gin@req@width=\dimen152
) (/Users/nishthaarora/Library/TinyTeX/texmf-dist/tex/latex/geometry/geometry.sty
Package: geometry 2020/01/02 v5.9 Page Geometry
(/Users/nishthaarora/Library/TinyTeX/texmf-dist/tex/generic/iftex/ifvtex.sty
Package: ifvtex 2019/10/25 v1.7 ifvtex legacy package. Use iftex instead.
)
\Gm@cnth=\count275
\Gm@cntv=\count276
\c@Gm@tempcnt=\count277
\Gm@bindingoffset=\dimen153
\Gm@wd@mp=\dimen154
\Gm@odd@mp=\dimen155
\Gm@even@mp=\dimen156
\Gm@layoutwidth=\dimen157
\Gm@layoutheight=\dimen158
\Gm@layouthoffset=\dimen159
\Gm@layoutvoffset=\dimen160
\Gm@dimlist=\toks25
) (/Users/nishthaarora/Library/TinyTeX/texmf-dist/tex/latex/fancyhdr/fancyhdr.sty
Package: fancyhdr 2022/05/18 v4.0.3 Extensive control of page headers and footers
\f@nch@headwidth=\skip53
\f@nch@O@elh=\skip54
\f@nch@O@erh=\skip55
\f@nch@O@olh=\skip56
\f@nch@O@orh=\skip57
\f@nch@O@elf=\skip58
\f@nch@O@erf=\skip59
\f@nch@O@olf=\skip60
\f@nch@O@orf=\skip61
) (/Users/nishthaarora/Library/TinyTeX/texmf-dist/tex/latex/booktabs/booktabs.sty
Package: booktabs 2020/01/12 v1.61803398 Publication quality tables
\heavyrulewidth=\dimen161
\lightrulewidth=\dimen162
\cmidrulewidth=\dimen163
\belowrulesep=\dimen164
\belowbottomsep=\dimen165
\aboverulesep=\dimen166
\abovetopsep=\dimen167
\cmidrulesep=\dimen168
\cmidrulekern=\dimen169
\defaultaddspace=\dimen170
\@cmidla=\count278
\@cmidlb=\count279
\@aboverulesep=\dimen171
\@belowrulesep=\dimen172
\@thisruleclass=\count280
\@lastruleclass=\count281
\@thisrulewidth=\dimen173
) (/Users/nishthaarora/Library/TinyTeX/texmf-dist/tex/latex/tools/longtable.sty
Package: longtable 2021-09-01 v4.17 Multi-page Table package (DPC)
\LTleft=\skip62
\LTright=\skip63
\LTpre=\skip64
\LTpost=\skip65
\LTchunksize=\count282
\LTcapwidth=\dimen174
\LT@head=\box54
\LT@firsthead=\box55
\LT@foot=\box56
\LT@lastfoot=\box57
\LT@gbox=\box58
\LT@cols=\count283
\LT@rows=\count284
\c@LT@tables=\count285
\c@LT@chunks=\count286
\LT@p@ftn=\toks26
) (/Users/nishthaarora/Library/TinyTeX/texmf-dist/tex/latex/tools/array.sty
Package: array 2022/03/10 v2.5f Tabular extension package (FMi)
\col@sep=\dimen175
\ar@mcellbox=\box59
\extrarowheight=\dimen176
\NC@list=\toks27
\extratabsurround=\skip66
\backup@length=\skip67
\ar@cellbox=\box60
) (/Users/nishthaarora/Library/TinyTeX/texmf-dist/tex/latex/multirow/multirow.sty
Package: multirow 2021/03/15 v2.8 Span multiple rows of a table
\multirow@colwidth=\skip68
\multirow@cntb=\count287
\multirow@dima=\skip69
\bigstrutjot=\dimen177
) (/Users/nishthaarora/Library/TinyTeX/texmf-dist/tex/latex/wrapfig/wrapfig.sty
\wrapoverhang=\dimen178
\WF@size=\dimen179
\c@WF@wrappedlines=\count288
\WF@box=\box61
\WF@everypar=\toks28
Package: wrapfig 2003/01/31  v 3.6
) (/Users/nishthaarora/Library/TinyTeX/texmf-dist/tex/latex/float/float.sty
Package: float 2001/11/08 v1.3d Float enhancements (AL)
\c@float@type=\count289
\float@exts=\toks29
\float@box=\box62
\@float@everytoks=\toks30
\@floatcapt=\box63
) (/Users/nishthaarora/Library/TinyTeX/texmf-dist/tex/latex/colortbl/colortbl.sty
Package: colortbl 2022/06/20 v1.0f Color table columns (DPC)
\everycr=\toks31
\minrowclearance=\skip70
\rownum=\count290
) (/Users/nishthaarora/Library/TinyTeX/texmf-dist/tex/latex/pdflscape/pdflscape.sty
Package: pdflscape 2019/12/05 v0.12 Display of landscape pages in PDF (HO)
(/Users/nishthaarora/Library/TinyTeX/texmf-dist/tex/latex/graphics/lscape.sty
Package: lscape 2020/05/28 v3.02 Landscape Pages (DPC)
)
Package pdflscape Info: Auto-detected driver: pdftex on input line 81.
) (/Users/nishthaarora/Library/TinyTeX/texmf-dist/tex/latex/tabu/tabu.sty
Package: tabu 2019/01/11 v2.9 - flexible LaTeX tabulars (FC+tabu-fixed)
(/Users/nishthaarora/Library/TinyTeX/texmf-dist/tex/latex/varwidth/varwidth.sty
Package: varwidth 2009/03/30 ver 0.92;  Variable-width minipages
\@vwid@box=\box64
\sift@deathcycles=\count291
\@vwid@loff=\dimen180
\@vwid@roff=\dimen181
)
\c@taburow=\count292
\tabu@nbcols=\count293
\tabu@cnt=\count294
\tabu@Xcol=\count295
\tabu@alloc=\count296
\tabu@nested=\count297
\tabu@target=\dimen182
\tabu@spreadtarget=\dimen183
\tabu@naturalX=\dimen184
\tabucolX=\dimen185
\tabu@Xsum=\dimen186
\extrarowdepth=\dimen187
\abovetabulinesep=\dimen188
\belowtabulinesep=\dimen189
\tabustrutrule=\dimen190
\tabu@thebody=\toks32
\tabu@footnotes=\toks33
\tabu@box=\box65
\tabu@arstrutbox=\box66
\tabu@hleads=\box67
\tabu@vleads=\box68
\tabu@cellskip=\skip71
) (/Users/nishthaarora/Library/TinyTeX/texmf-dist/tex/latex/threeparttable/threeparttable.sty
Package: threeparttable 2003/06/13  v 3.0
\@tempboxb=\box69
) (/Users/nishthaarora/Library/TinyTeX/texmf-dist/tex/latex/threeparttablex/threeparttablex.sty
Package: threeparttablex 2013/07/23 v0.3 by daleif
(/Users/nishthaarora/Library/TinyTeX/texmf-dist/tex/latex/environ/environ.sty
Package: environ 2014/05/04 v0.3 A new way to define environments
(/Users/nishthaarora/Library/TinyTeX/texmf-dist/tex/latex/trimspaces/trimspaces.sty
Package: trimspaces 2009/09/17 v1.1 Trim spaces around a token list
))
\TPTL@width=\skip72
) (/Users/nishthaarora/Library/TinyTeX/texmf-dist/tex/generic/ulem/ulem.sty
\UL@box=\box70
\UL@hyphenbox=\box71
\UL@skip=\skip73
\UL@hook=\toks34
\UL@height=\dimen191
\UL@pe=\count298
\UL@pixel=\dimen192
\ULC@box=\box72
Package: ulem 2019/11/18
\ULdepth=\dimen193
) (/Users/nishthaarora/Library/TinyTeX/texmf-dist/tex/latex/makecell/makecell.sty
Package: makecell 2009/08/03 V0.1e Managing of Tab Column Heads and Cells
\rotheadsize=\dimen194
\c@nlinenum=\count299
\TeXr@lab=\toks35
) (/Users/nishthaarora/Library/TinyTeX/texmf-dist/tex/latex/hyperref/hyperref.sty
Package: hyperref 2022-09-22 v7.00t Hypertext links for LaTeX
(/Users/nishthaarora/Library/TinyTeX/texmf-dist/tex/generic/pdftexcmds/pdftexcmds.sty
Package: pdftexcmds 2020-06-27 v0.33 Utility functions of pdfTeX for LuaTeX (HO)
(/Users/nishthaarora/Library/TinyTeX/texmf-dist/tex/generic/infwarerr/infwarerr.sty
Package: infwarerr 2019/12/03 v1.5 Providing info/warning/error messages (HO)
)
Package pdftexcmds Info: \pdf@primitive is available.
Package pdftexcmds Info: \pdf@ifprimitive is available.
Package pdftexcmds Info: \pdfdraftmode found.
) (/Users/nishthaarora/Library/TinyTeX/texmf-dist/tex/generic/kvdefinekeys/kvdefinekeys.sty
Package: kvdefinekeys 2019-12-19 v1.6 Define keys (HO)
) (/Users/nishthaarora/Library/TinyTeX/texmf-dist/tex/generic/pdfescape/pdfescape.sty
Package: pdfescape 2019/12/09 v1.15 Implements pdfTeX's escape features (HO)
) (/Users/nishthaarora/Library/TinyTeX/texmf-dist/tex/latex/hycolor/hycolor.sty
Package: hycolor 2020-01-27 v1.10 Color options for hyperref/bookmark (HO)
) (/Users/nishthaarora/Library/TinyTeX/texmf-dist/tex/latex/letltxmacro/letltxmacro.sty
Package: letltxmacro 2019/12/03 v1.6 Let assignment for LaTeX macros (HO)
) (/Users/nishthaarora/Library/TinyTeX/texmf-dist/tex/latex/auxhook/auxhook.sty
Package: auxhook 2019-12-17 v1.6 Hooks for auxiliary files (HO)
) (/Users/nishthaarora/Library/TinyTeX/texmf-dist/tex/latex/hyperref/nameref.sty
Package: nameref 2022-05-17 v2.50 Cross-referencing by name of section
(/Users/nishthaarora/Library/TinyTeX/texmf-dist/tex/latex/refcount/refcount.sty
Package: refcount 2019/12/15 v3.6 Data extraction from label references (HO)
) (/Users/nishthaarora/Library/TinyTeX/texmf-dist/tex/generic/gettitlestring/gettitlestring.sty
Package: gettitlestring 2019/12/15 v1.6 Cleanup title references (HO)
)
\c@section@level=\count300
)
\@linkdim=\dimen195
\Hy@linkcounter=\count301
\Hy@pagecounter=\count302
(/Users/nishthaarora/Library/TinyTeX/texmf-dist/tex/latex/hyperref/pd1enc.def
File: pd1enc.def 2022-09-22 v7.00t Hyperref: PDFDocEncoding definition (HO)
Now handling font encoding PD1 ...
... no UTF-8 mapping file for font encoding PD1
) (/Users/nishthaarora/Library/TinyTeX/texmf-dist/tex/generic/intcalc/intcalc.sty
Package: intcalc 2019/12/15 v1.3 Expandable calculations with integers (HO)
) (/Users/nishthaarora/Library/TinyTeX/texmf-dist/tex/generic/etexcmds/etexcmds.sty
Package: etexcmds 2019/12/15 v1.7 Avoid name clashes with e-TeX commands (HO)
)
\Hy@SavedSpaceFactor=\count303
(/Users/nishthaarora/Library/TinyTeX/texmf-dist/tex/latex/hyperref/puenc.def
File: puenc.def 2022-09-22 v7.00t Hyperref: PDF Unicode definition (HO)
Now handling font encoding PU ...
... no UTF-8 mapping file for font encoding PU
)
Package hyperref Info: Option `unicode' set `true' on input line 4045.
Package hyperref Info: Hyper figures OFF on input line 4162.
Package hyperref Info: Link nesting OFF on input line 4167.
Package hyperref Info: Hyper index ON on input line 4170.
Package hyperref Info: Plain pages OFF on input line 4177.
Package hyperref Info: Backreferencing OFF on input line 4182.
Package hyperref Info: Implicit mode ON; LaTeX internals redefined.
Package hyperref Info: Bookmarks ON on input line 4410.
\c@Hy@tempcnt=\count304
(/Users/nishthaarora/Library/TinyTeX/texmf-dist/tex/latex/url/url.sty
\Urlmuskip=\muskip17
Package: url 2013/09/16  ver 3.4  Verb mode for urls, etc.
)
LaTeX Info: Redefining \url on input line 4748.
\XeTeXLinkMargin=\dimen196
(/Users/nishthaarora/Library/TinyTeX/texmf-dist/tex/generic/bitset/bitset.sty
Package: bitset 2019/12/09 v1.3 Handle bit-vector datatype (HO)
(/Users/nishthaarora/Library/TinyTeX/texmf-dist/tex/generic/bigintcalc/bigintcalc.sty
Package: bigintcalc 2019/12/15 v1.5 Expandable calculations on big integers (HO)
))
\Fld@menulength=\count305
\Field@Width=\dimen197
\Fld@charsize=\dimen198
Package hyperref Info: Hyper figures OFF on input line 6027.
Package hyperref Info: Link nesting OFF on input line 6032.
Package hyperref Info: Hyper index ON on input line 6035.
Package hyperref Info: backreferencing OFF on input line 6042.
Package hyperref Info: Link coloring OFF on input line 6047.
Package hyperref Info: Link coloring with OCG OFF on input line 6052.
Package hyperref Info: PDF/A mode OFF on input line 6057.
(/Users/nishthaarora/Library/TinyTeX/texmf-dist/tex/latex/base/atbegshi-ltx.sty
Package: atbegshi-ltx 2021/01/10 v1.0c Emulation of the original atbegshi
package with kernel methods
)
\Hy@abspage=\count306
\c@Item=\count307
\c@Hfootnote=\count308
)
Package hyperref Info: Driver (autodetected): hpdftex.
(/Users/nishthaarora/Library/TinyTeX/texmf-dist/tex/latex/hyperref/hpdftex.def
File: hpdftex.def 2022-09-22 v7.00t Hyperref driver for pdfTeX
(/Users/nishthaarora/Library/TinyTeX/texmf-dist/tex/latex/base/atveryend-ltx.sty
Package: atveryend-ltx 2020/08/19 v1.0a Emulation of the original atveryend package
with kernel methods
)
\Fld@listcount=\count309
\c@bookmark@seq@number=\count310
(/Users/nishthaarora/Library/TinyTeX/texmf-dist/tex/latex/rerunfilecheck/rerunfilecheck.sty
Package: rerunfilecheck 2022-07-10 v1.10 Rerun checks for auxiliary files (HO)
(/Users/nishthaarora/Library/TinyTeX/texmf-dist/tex/generic/uniquecounter/uniquecounter.sty
Package: uniquecounter 2019/12/15 v1.4 Provide unlimited unique counter (HO)
)
Package uniquecounter Info: New unique counter `rerunfilecheck' on input line 285.
)
\Hy@SectionHShift=\skip74
) (/Users/nishthaarora/Library/TinyTeX/texmf-dist/tex/latex/l3backend/l3backend-pdftex.def
File: l3backend-pdftex.def 2022-09-28 L3 backend support: PDF output (pdfTeX)
\l__color_backend_stack_int=\count311
\l__pdf_internal_box=\box73
) (./report_pdfFormat.aux)
\openout1 = `report_pdfFormat.aux'.

LaTeX Font Info:    Checking defaults for OML/cmm/m/it on input line 100.
LaTeX Font Info:    ... okay on input line 100.
LaTeX Font Info:    Checking defaults for OMS/cmsy/m/n on input line 100.
LaTeX Font Info:    ... okay on input line 100.
LaTeX Font Info:    Checking defaults for OT1/cmr/m/n on input line 100.
LaTeX Font Info:    ... okay on input line 100.
LaTeX Font Info:    Checking defaults for T1/cmr/m/n on input line 100.
LaTeX Font Info:    ... okay on input line 100.
LaTeX Font Info:    Checking defaults for TS1/cmr/m/n on input line 100.
LaTeX Font Info:    ... okay on input line 100.
LaTeX Font Info:    Checking defaults for OMX/cmex/m/n on input line 100.
LaTeX Font Info:    ... okay on input line 100.
LaTeX Font Info:    Checking defaults for U/cmr/m/n on input line 100.
LaTeX Font Info:    ... okay on input line 100.
LaTeX Font Info:    Checking defaults for PD1/pdf/m/n on input line 100.
LaTeX Font Info:    ... okay on input line 100.
LaTeX Font Info:    Checking defaults for PU/pdf/m/n on input line 100.
LaTeX Font Info:    ... okay on input line 100.
LaTeX Info: Redefining \microtypecontext on input line 100.
Package microtype Info: Applying patch `item' on input line 100.
Package microtype Info: Applying patch `toc' on input line 100.
Package microtype Info: Applying patch `eqnum' on input line 100.
Package microtype Info: Applying patch `footnote' on input line 100.
Package microtype Info: Generating PDF output.
Package microtype Info: Character protrusion enabled (level 2).
Package microtype Info: Using protrusion set `basicmath'.
Package microtype Info: Automatic font expansion enabled (level 2),
(microtype)             stretch: 20, shrink: 20, step: 1, non-selected.
Package microtype Info: Using default expansion set `alltext-nott'.
LaTeX Info: Redefining \showhyphens on input line 100.
Package microtype Info: No adjustment of tracking.
Package microtype Info: No adjustment of interword spacing.
Package microtype Info: No adjustment of character kerning.
(/Users/nishthaarora/Library/TinyTeX/texmf-dist/tex/latex/microtype/mt-cmr.cfg
File: mt-cmr.cfg 2013/05/19 v2.2 microtype config. file: Computer Modern Roman (RS)
) (/Users/nishthaarora/Library/TinyTeX/texmf-dist/tex/latex/epstopdf-pkg/epstopdf-base.sty
Package: epstopdf-base 2020-01-24 v2.11 Base part for package epstopdf
Package epstopdf-base Info: Redefining graphics rule for `.eps' on input line 485.
(/Users/nishthaarora/Library/TinyTeX/texmf-dist/tex/latex/latexconfig/epstopdf-sys.cfg
File: epstopdf-sys.cfg 2010/07/13 v1.3 Configuration of (r)epstopdf for TeX Live
))
*geometry* driver: auto-detecting
*geometry* detected driver: pdftex
*geometry* verbose mode - [ preamble ] result:
* driver: pdftex
* paper: <default>
* layout: <same size as paper>
* layoutoffset:(h,v)=(0.0pt,0.0pt)
* modes: 
* h-part:(L,W,R)=(57.81621pt, 498.66258pt, 57.81621pt)
* v-part:(T,H,B)=(43.36243pt, 708.24513pt, 43.36243pt)
* \paperwidth=614.295pt
* \paperheight=794.96999pt
* \textwidth=498.66258pt
* \textheight=708.24513pt
* \oddsidemargin=-14.45378pt
* \evensidemargin=-14.45378pt
* \topmargin=-65.90756pt
* \headheight=12.0pt
* \headsep=25.0pt
* \topskip=12.0pt
* \footskip=30.0pt
* \marginparwidth=44.0pt
* \marginparsep=10.0pt
* \columnsep=10.0pt
* \skip\footins=10.8pt plus 4.0pt minus 2.0pt
* \hoffset=0.0pt
* \voffset=0.0pt
* \mag=1000
* \@twocolumnfalse
* \@twosidefalse
* \@mparswitchfalse
* \@reversemarginfalse
* (1in=72.27pt=25.4mm, 1cm=28.453pt)

Package hyperref Info: Link coloring OFF on input line 100.
(./report_pdfFormat.out) (./report_pdfFormat.out)
\@outlinefile=\write3
\openout3 = `report_pdfFormat.out'.

LaTeX Font Info:    Trying to load font information for OT1+lmr on input line 102.
(/Users/nishthaarora/Library/TinyTeX/texmf-dist/tex/latex/lm/ot1lmr.fd
File: ot1lmr.fd 2015/05/01 v1.6.1 Font defs for Latin Modern
)
LaTeX Font Info:    Trying to load font information for OML+lmm on input line 102.
(/Users/nishthaarora/Library/TinyTeX/texmf-dist/tex/latex/lm/omllmm.fd
File: omllmm.fd 2015/05/01 v1.6.1 Font defs for Latin Modern
)
LaTeX Font Info:    Trying to load font information for OMS+lmsy on input line 102.
(/Users/nishthaarora/Library/TinyTeX/texmf-dist/tex/latex/lm/omslmsy.fd
File: omslmsy.fd 2015/05/01 v1.6.1 Font defs for Latin Modern
)
LaTeX Font Info:    Trying to load font information for OMX+lmex on input line 102.
(/Users/nishthaarora/Library/TinyTeX/texmf-dist/tex/latex/lm/omxlmex.fd
File: omxlmex.fd 2015/05/01 v1.6.1 Font defs for Latin Modern
)
LaTeX Font Info:    External font `lmex10' loaded for size
(Font)              <14.4> on input line 102.
LaTeX Font Info:    External font `lmex10' loaded for size
(Font)              <10> on input line 102.
LaTeX Font Info:    External font `lmex10' loaded for size
(Font)              <7> on input line 102.
LaTeX Font Info:    Trying to load font information for U+msa on input line 102.
(/Users/nishthaarora/Library/TinyTeX/texmf-dist/tex/latex/amsfonts/umsa.fd
File: umsa.fd 2013/01/14 v3.01 AMS symbols A
) (/Users/nishthaarora/Library/TinyTeX/texmf-dist/tex/latex/microtype/mt-msa.cfg
File: mt-msa.cfg 2006/02/04 v1.1 microtype config. file: AMS symbols (a) (RS)
)
LaTeX Font Info:    Trying to load font information for U+msb on input line 102.
(/Users/nishthaarora/Library/TinyTeX/texmf-dist/tex/latex/amsfonts/umsb.fd
File: umsb.fd 2013/01/14 v3.01 AMS symbols B
) (/Users/nishthaarora/Library/TinyTeX/texmf-dist/tex/latex/microtype/mt-msb.cfg
File: mt-msb.cfg 2005/06/01 v1.0 microtype config. file: AMS symbols (b) (RS)
) [1

{/Users/nishthaarora/Library/TinyTeX/texmf-var/fonts/map/pdftex/updmap/pdftex.map}]
pdfTeX warning (ext4): destination with the same identifier (name{page.1}) has been already used, duplicate ignored
<to be read again> 
                   \relax 
l.128 \end{abstract}
                     [1] (./report_pdfFormat.toc
LaTeX Font Info:    External font `lmex10' loaded for size
(Font)              <12> on input line 6.
LaTeX Font Info:    External font `lmex10' loaded for size
(Font)              <8> on input line 6.
LaTeX Font Info:    External font `lmex10' loaded for size
(Font)              <6> on input line 6.
)
\tf@toc=\write4
\openout4 = `report_pdfFormat.toc'.


pdfTeX warning (ext4): destination with the same identifier (name{page.1}) has been already used, duplicate ignored
<to be read again> 
                   \relax 
l.134 \newpage
               [1

]
<images/images.png, id=65, 280.04625pt x 180.675pt>
File: images/images.png Graphic file (type png)
<use images/images.png>
Package pdftex.def Info: images/images.png  used on input line 171.
(pdftex.def)             Requested size: 99.73119pt x 64.3427pt.
[2

 <./images/images.png>]
<images/26119-gettyimages-145903640---2_source_file.jpg, id=73, 247.78285pt x 129.46654pt>
File: images/26119-gettyimages-145903640---2_source_file.jpg Graphic file (type jpg)
<use images/26119-gettyimages-145903640---2_source_file.jpg>
Package pdftex.def Info: images/26119-gettyimages-145903640---2_source_file.jpg  used on input line 188.
(pdftex.def)             Requested size: 247.80492pt x 129.47804pt.
[3

 <./images/26119-gettyimages-145903640---2_source_file.jpg>]
<images/ezgif.com-webp-to-jpg copy.jpg, id=79, 1606.0pt x 1028.84375pt>
File: images/ezgif.com-webp-to-jpg copy.jpg Graphic file (type jpg)
<use images/ezgif.com-webp-to-jpg copy.jpg>
Package pdftex.def Info: images/ezgif.com-webp-to-jpg copy.jpg  used on input line 231.
(pdftex.def)             Requested size: 249.31952pt x 159.7203pt.

Package fancyhdr Warning: \headheight is too small (12.0pt): 
(fancyhdr)                Make it at least 14.49998pt, for example:
(fancyhdr)                \setlength{\headheight}{14.49998pt}.
(fancyhdr)                You might also make \topmargin smaller to compensate:
(fancyhdr)                \addtolength{\topmargin}{-2.49998pt}.

[4 <./images/ezgif.com-webp-to-jpg copy.jpg>]
<images/whatsapp-image-2019-01-29-at-13-46-16.jpeg, id=85, 659.46375pt x 403.5075pt>
File: images/whatsapp-image-2019-01-29-at-13-46-16.jpeg Graphic file (type jpg)
<use images/whatsapp-image-2019-01-29-at-13-46-16.jpeg>
Package pdftex.def Info: images/whatsapp-image-2019-01-29-at-13-46-16.jpeg  used on input line 262.
(pdftex.def)             Requested size: 249.33093pt x 152.55865pt.
<images/CAIR-Who-is-policing-the-police-sign-1.jpg, id=86, 1104.125pt x 615.29875pt>
File: images/CAIR-Who-is-policing-the-police-sign-1.jpg Graphic file (type jpg)
<use images/CAIR-Who-is-policing-the-police-sign-1.jpg>
Package pdftex.def Info: images/CAIR-Who-is-policing-the-police-sign-1.jpg  used on input line 263.
(pdftex.def)             Requested size: 249.32718pt x 138.94322pt.

Overfull \hbox (2.6066pt too wide) in paragraph at lines 262--264
[] [] 
 []

LaTeX Font Info:    Trying to load font information for TS1+lmr on input line 290.
(/Users/nishthaarora/Library/TinyTeX/texmf-dist/tex/latex/lm/ts1lmr.fd
File: ts1lmr.fd 2015/05/01 v1.6.1 Font defs for Latin Modern
) [5

 <./images/whatsapp-image-2019-01-29-at-13-46-16.jpeg> <./images/CAIR-Who-is-policing-the-police-sign-1.jpg>]
<images/1.png, id=94, 897.85437pt x 96.36pt>
File: images/1.png Graphic file (type png)
<use images/1.png>
Package pdftex.def Info: images/1.png  used on input line 339.
(pdftex.def)             Requested size: 448.78908pt x 48.16516pt.
<images/2.png, id=96, 901.3675pt x 94.85437pt>
File: images/2.png Graphic file (type png)
<use images/2.png>
Package pdftex.def Info: images/2.png  used on input line 355.
(pdftex.def)             Requested size: 448.79837pt x 47.22876pt.
[6

 <./images/1.png> <./images/2.png>]
<report_pdfFormat_files/figure-latex/plot1-1.pdf, id=107, 505.89pt x 361.35pt>
File: report_pdfFormat_files/figure-latex/plot1-1.pdf Graphic file (type pdf)
<use report_pdfFormat_files/figure-latex/plot1-1.pdf>
Package pdftex.def Info: report_pdfFormat_files/figure-latex/plot1-1.pdf  used on input line 417.
(pdftex.def)             Requested size: 498.67125pt x 356.19376pt.
[7

]

Package fancyhdr Warning: \headheight is too small (12.0pt): 
(fancyhdr)                Make it at least 14.49998pt, for example:
(fancyhdr)                \setlength{\headheight}{14.49998pt}.
(fancyhdr)                You might also make \topmargin smaller to compensate:
(fancyhdr)                \addtolength{\topmargin}{-2.49998pt}.

[8 <./report_pdfFormat_files/figure-latex/plot1-1.pdf>]
LaTeX Font Info:    Calculating math sizes for size <14> on input line 458.
LaTeX Font Info:    External font `lmex10' loaded for size
(Font)              <14> on input line 458.
LaTeX Font Info:    External font `lmex10' loaded for size
(Font)              <9.79996> on input line 458.
<report_pdfFormat_files/figure-latex/plot2-1.pdf, id=134, 505.89pt x 361.35pt>
File: report_pdfFormat_files/figure-latex/plot2-1.pdf Graphic file (type pdf)
<use report_pdfFormat_files/figure-latex/plot2-1.pdf>
Package pdftex.def Info: report_pdfFormat_files/figure-latex/plot2-1.pdf  used on input line 515.
(pdftex.def)             Requested size: 498.67125pt x 356.19376pt.

Package fancyhdr Warning: \headheight is too small (12.0pt): 
(fancyhdr)                Make it at least 14.49998pt, for example:
(fancyhdr)                \setlength{\headheight}{14.49998pt}.
(fancyhdr)                You might also make \topmargin smaller to compensate:
(fancyhdr)                \addtolength{\topmargin}{-2.49998pt}.

[9]
<report_pdfFormat_files/figure-latex/plot3-1.pdf, id=150, 505.89pt x 361.35pt>
File: report_pdfFormat_files/figure-latex/plot3-1.pdf Graphic file (type pdf)
<use report_pdfFormat_files/figure-latex/plot3-1.pdf>
Package pdftex.def Info: report_pdfFormat_files/figure-latex/plot3-1.pdf  used on input line 551.
(pdftex.def)             Requested size: 498.67125pt x 356.19376pt.

Package fancyhdr Warning: \headheight is too small (12.0pt): 
(fancyhdr)                Make it at least 14.49998pt, for example:
(fancyhdr)                \setlength{\headheight}{14.49998pt}.
(fancyhdr)                You might also make \topmargin smaller to compensate:
(fancyhdr)                \addtolength{\topmargin}{-2.49998pt}.

[10 <./report_pdfFormat_files/figure-latex/plot2-1.pdf>]
<graphs/indiatimeseries.png, id=170, 652.06015pt x 652.06015pt>
File: graphs/indiatimeseries.png Graphic file (type png)
<use graphs/indiatimeseries.png>
Package pdftex.def Info: graphs/indiatimeseries.png  used on input line 579.
(pdftex.def)             Requested size: 448.80763pt x 448.80763pt.

Package fancyhdr Warning: \headheight is too small (12.0pt): 
(fancyhdr)                Make it at least 14.49998pt, for example:
(fancyhdr)                \setlength{\headheight}{14.49998pt}.
(fancyhdr)                You might also make \topmargin smaller to compensate:
(fancyhdr)                \addtolength{\topmargin}{-2.49998pt}.

[11 <./report_pdfFormat_files/figure-latex/plot3-1.pdf>]
<graphs/indiamap.png, id=188, 652.06015pt x 652.06015pt>
File: graphs/indiamap.png Graphic file (type png)
<use graphs/indiamap.png>
Package pdftex.def Info: graphs/indiamap.png  used on input line 608.
(pdftex.def)             Requested size: 448.80763pt x 448.80763pt.

Package fancyhdr Warning: \headheight is too small (12.0pt): 
(fancyhdr)                Make it at least 14.49998pt, for example:
(fancyhdr)                \setlength{\headheight}{14.49998pt}.
(fancyhdr)                You might also make \topmargin smaller to compensate:
(fancyhdr)                \addtolength{\topmargin}{-2.49998pt}.

[12 <./graphs/indiatimeseries.png>]
<graphs/indiatimeseries2.png, id=197, 652.06015pt x 652.06015pt>
File: graphs/indiatimeseries2.png Graphic file (type png)
<use graphs/indiatimeseries2.png>
Package pdftex.def Info: graphs/indiatimeseries2.png  used on input line 640.
(pdftex.def)             Requested size: 448.80763pt x 448.80763pt.

Package fancyhdr Warning: \headheight is too small (12.0pt): 
(fancyhdr)                Make it at least 14.49998pt, for example:
(fancyhdr)                \setlength{\headheight}{14.49998pt}.
(fancyhdr)                You might also make \topmargin smaller to compensate:
(fancyhdr)                \addtolength{\topmargin}{-2.49998pt}.

[13 <./graphs/indiamap.png>]

Package fancyhdr Warning: \headheight is too small (12.0pt): 
(fancyhdr)                Make it at least 14.49998pt, for example:
(fancyhdr)                \setlength{\headheight}{14.49998pt}.
(fancyhdr)                You might also make \topmargin smaller to compensate:
(fancyhdr)                \addtolength{\topmargin}{-2.49998pt}.

[14 <./graphs/indiatimeseries2.png>]
<report_pdfFormat_files/figure-latex/p1-1.pdf, id=211, 289.08pt x 433.62pt>
File: report_pdfFormat_files/figure-latex/p1-1.pdf Graphic file (type pdf)
<use report_pdfFormat_files/figure-latex/p1-1.pdf>
Package pdftex.def Info: report_pdfFormat_files/figure-latex/p1-1.pdf  used on input line 681.
(pdftex.def)             Requested size: 249.33176pt x 373.99765pt.
<report_pdfFormat_files/figure-latex/p1-2.pdf, id=212, 289.08pt x 433.62pt>
File: report_pdfFormat_files/figure-latex/p1-2.pdf Graphic file (type pdf)
<use report_pdfFormat_files/figure-latex/p1-2.pdf>
Package pdftex.def Info: report_pdfFormat_files/figure-latex/p1-2.pdf  used on input line 682.
(pdftex.def)             Requested size: 249.33176pt x 373.99765pt.

Overfull \hbox (2.612pt too wide) in paragraph at lines 681--683
[][] [] 
 []


Package fancyhdr Warning: \headheight is too small (12.0pt): 
(fancyhdr)                Make it at least 14.49998pt, for example:
(fancyhdr)                \setlength{\headheight}{14.49998pt}.
(fancyhdr)                You might also make \topmargin smaller to compensate:
(fancyhdr)                \addtolength{\topmargin}{-2.49998pt}.

[15 <./report_pdfFormat_files/figure-latex/p1-1.pdf> <./report_pdfFormat_files/figure-latex/p1-2.pdf>]
<graphs/plot4_shootings.png, id=239, 288.8391pt x 433.3791pt>
File: graphs/plot4_shootings.png Graphic file (type png)
<use graphs/plot4_shootings.png>
Package pdftex.def Info: graphs/plot4_shootings.png  used on input line 717.
(pdftex.def)             Requested size: 249.33994pt x 374.1139pt.
<graphs/plot5_shootings.png, id=240, 288.8391pt x 433.3791pt>
File: graphs/plot5_shootings.png Graphic file (type png)
<use graphs/plot5_shootings.png>
Package pdftex.def Info: graphs/plot5_shootings.png  used on input line 718.
(pdftex.def)             Requested size: 249.33994pt x 374.1139pt.

Overfull \hbox (2.62836pt too wide) in paragraph at lines 717--719
[][] [] 
 []

<images/Screenshot 2023-06-08 at 9.35.45 AM.png, id=241, 873.2625pt x 734.24312pt>
File: images/Screenshot 2023-06-08 at 9.35.45 AM.png Graphic file (type png)
<use images/Screenshot 2023-06-08 at 9.35.45 AM.png>
Package pdftex.def Info: images/Screenshot 2023-06-08 at 9.35.45 AM.png  used on input line 735.
(pdftex.def)             Requested size: 299.1972pt x 251.56638pt.

Package fancyhdr Warning: \headheight is too small (12.0pt): 
(fancyhdr)                Make it at least 14.49998pt, for example:
(fancyhdr)                \setlength{\headheight}{14.49998pt}.
(fancyhdr)                You might also make \topmargin smaller to compensate:
(fancyhdr)                \addtolength{\topmargin}{-2.49998pt}.

[16 <./graphs/plot4_shootings.png> <./graphs/plot5_shootings.png>]
<report_pdfFormat_files/figure-latex/p5-1.pdf, id=249, 578.16pt x 505.89pt>
File: report_pdfFormat_files/figure-latex/p5-1.pdf Graphic file (type pdf)
<use report_pdfFormat_files/figure-latex/p5-1.pdf>
Package pdftex.def Info: report_pdfFormat_files/figure-latex/p5-1.pdf  used on input line 748.
(pdftex.def)             Requested size: 498.66353pt x 436.33058pt.

Package fancyhdr Warning: \headheight is too small (12.0pt): 
(fancyhdr)                Make it at least 14.49998pt, for example:
(fancyhdr)                \setlength{\headheight}{14.49998pt}.
(fancyhdr)                You might also make \topmargin smaller to compensate:
(fancyhdr)                \addtolength{\topmargin}{-2.49998pt}.

[17 <./images/Screenshot 2023-06-08 at 9.35.45 AM.png>]
<report_pdfFormat_files/figure-latex/p6-1.pdf, id=258, 433.62pt x 433.62pt>
File: report_pdfFormat_files/figure-latex/p6-1.pdf Graphic file (type pdf)
<use report_pdfFormat_files/figure-latex/p6-1.pdf>
Package pdftex.def Info: report_pdfFormat_files/figure-latex/p6-1.pdf  used on input line 754.
(pdftex.def)             Requested size: 433.63878pt x 433.63878pt.

Package fancyhdr Warning: \headheight is too small (12.0pt): 
(fancyhdr)                Make it at least 14.49998pt, for example:
(fancyhdr)                \setlength{\headheight}{14.49998pt}.
(fancyhdr)                You might also make \topmargin smaller to compensate:
(fancyhdr)                \addtolength{\topmargin}{-2.49998pt}.

[18 <./report_pdfFormat_files/figure-latex/p5-1.pdf>]
<report_pdfFormat_files/figure-latex/p7-1.pdf, id=269, 433.62pt x 433.62pt>
File: report_pdfFormat_files/figure-latex/p7-1.pdf Graphic file (type pdf)
<use report_pdfFormat_files/figure-latex/p7-1.pdf>
Package pdftex.def Info: report_pdfFormat_files/figure-latex/p7-1.pdf  used on input line 785.
(pdftex.def)             Requested size: 433.63878pt x 433.63878pt.

Package fancyhdr Warning: \headheight is too small (12.0pt): 
(fancyhdr)                Make it at least 14.49998pt, for example:
(fancyhdr)                \setlength{\headheight}{14.49998pt}.
(fancyhdr)                You might also make \topmargin smaller to compensate:
(fancyhdr)                \addtolength{\topmargin}{-2.49998pt}.

[19 <./report_pdfFormat_files/figure-latex/p6-1.pdf>]
<report_pdfFormat_files/figure-latex/p8-1.pdf, id=283, 433.62pt x 433.62pt>
File: report_pdfFormat_files/figure-latex/p8-1.pdf Graphic file (type pdf)
<use report_pdfFormat_files/figure-latex/p8-1.pdf>
Package pdftex.def Info: report_pdfFormat_files/figure-latex/p8-1.pdf  used on input line 810.
(pdftex.def)             Requested size: 433.63878pt x 433.63878pt.

Package fancyhdr Warning: \headheight is too small (12.0pt): 
(fancyhdr)                Make it at least 14.49998pt, for example:
(fancyhdr)                \setlength{\headheight}{14.49998pt}.
(fancyhdr)                You might also make \topmargin smaller to compensate:
(fancyhdr)                \addtolength{\topmargin}{-2.49998pt}.

[20 <./report_pdfFormat_files/figure-latex/p7-1.pdf>]
<graphs/police.png, id=296, 652.06015pt x 652.06015pt>
File: graphs/police.png Graphic file (type png)
<use graphs/police.png>
Package pdftex.def Info: graphs/police.png  used on input line 838.
(pdftex.def)             Requested size: 448.80763pt x 448.80763pt.

Package fancyhdr Warning: \headheight is too small (12.0pt): 
(fancyhdr)                Make it at least 14.49998pt, for example:
(fancyhdr)                \setlength{\headheight}{14.49998pt}.
(fancyhdr)                You might also make \topmargin smaller to compensate:
(fancyhdr)                \addtolength{\topmargin}{-2.49998pt}.

[21 <./report_pdfFormat_files/figure-latex/p8-1.pdf>]
<report_pdfFormat_files/figure-latex/plot10-1.pdf, id=314, 505.89pt x 433.62pt>
File: report_pdfFormat_files/figure-latex/plot10-1.pdf Graphic file (type pdf)
<use report_pdfFormat_files/figure-latex/plot10-1.pdf>
Package pdftex.def Info: report_pdfFormat_files/figure-latex/plot10-1.pdf  used on input line 853.
(pdftex.def)             Requested size: 498.67125pt x 427.43251pt.

Package fancyhdr Warning: \headheight is too small (12.0pt): 
(fancyhdr)                Make it at least 14.49998pt, for example:
(fancyhdr)                \setlength{\headheight}{14.49998pt}.
(fancyhdr)                You might also make \topmargin smaller to compensate:
(fancyhdr)                \addtolength{\topmargin}{-2.49998pt}.

[22 <./graphs/police.png>]
<graphs/police_2.png, id=320, 652.06015pt x 652.06015pt>
File: graphs/police_2.png Graphic file (type png)
<use graphs/police_2.png>
Package pdftex.def Info: graphs/police_2.png  used on input line 871.
(pdftex.def)             Requested size: 448.80763pt x 448.80763pt.

Package fancyhdr Warning: \headheight is too small (12.0pt): 
(fancyhdr)                Make it at least 14.49998pt, for example:
(fancyhdr)                \setlength{\headheight}{14.49998pt}.
(fancyhdr)                You might also make \topmargin smaller to compensate:
(fancyhdr)                \addtolength{\topmargin}{-2.49998pt}.

[23 <./report_pdfFormat_files/figure-latex/plot10-1.pdf>]

Package fancyhdr Warning: \headheight is too small (12.0pt): 
(fancyhdr)                Make it at least 14.49998pt, for example:
(fancyhdr)                \setlength{\headheight}{14.49998pt}.
(fancyhdr)                You might also make \topmargin smaller to compensate:
(fancyhdr)                \addtolength{\topmargin}{-2.49998pt}.

[24 <./graphs/police_2.png>] [25

]
Overfull \hbox (0.23021pt too wide) in paragraph at lines 931--934
\T1/lmr/m/n/12 (+11) en / crime -[] in -[] india -[] table -[] addtional -[] table -[] and -[] chapter -[] contents ? ^^\eld _ date _ value % 5Bvalue % 5D %
 []

[26

]
Underfull \hbox (badness 10000) in paragraph at lines 1025--1028
\T1/lmr/m/n/12 (+20) campaign = SuicideDecrimReport & utm _ medium = referral & utm _ source = vip & utm _ content =
 []


Package fancyhdr Warning: \headheight is too small (12.0pt): 
(fancyhdr)                Make it at least 14.49998pt, for example:
(fancyhdr)                \setlength{\headheight}{14.49998pt}.
(fancyhdr)                You might also make \topmargin smaller to compensate:
(fancyhdr)                \addtolength{\topmargin}{-2.49998pt}.

[27]

Package fancyhdr Warning: \headheight is too small (12.0pt): 
(fancyhdr)                Make it at least 14.49998pt, for example:
(fancyhdr)                \setlength{\headheight}{14.49998pt}.
(fancyhdr)                You might also make \topmargin smaller to compensate:
(fancyhdr)                \addtolength{\topmargin}{-2.49998pt}.

[28] (./report_pdfFormat.aux)
Package rerunfilecheck Info: File `report_pdfFormat.out' has not changed.
(rerunfilecheck)             Checksum: 66773438F457E938980911195D68E4D5;1239.
 ) 
Here is how much of TeX's memory you used:
 15121 strings out of 477031
 251187 string characters out of 5826878
 630227 words of memory out of 5000000
 35702 multiletter control sequences out of 15000+600000
 552272 words of font info for 173 fonts, out of 8000000 for 9000
 14 hyphenation exceptions out of 8191
 60i,15n,67p,1013b,522s stack positions out of 10000i,1000n,20000p,200000b,200000s
{/Users/nishthaarora/Library/TinyTeX/texmf-dist/fonts/enc/dvips/lm/lm-ec.enc}{/Users/nishthaarora/Library/TinyTeX/texmf-dist/fonts/enc/dvips/lm/lm-ts1.enc}</Users/nishthaarora/Library/TinyTeX/texmf-dist/fonts/type1/public/lm/lmbx12.pfb></Users/nishthaarora/Library/TinyTeX/texmf-dist/fonts/type1/public/lm/lmbxi10.pfb></Users/nishthaarora/Library/TinyTeX/texmf-dist/fonts/type1/public/lm/lmr12.pfb></Users/nishthaarora/Library/TinyTeX/texmf-dist/fonts/type1/public/lm/lmr17.pfb></Users/nishthaarora/Library/TinyTeX/texmf-dist/fonts/type1/public/lm/lmri12.pfb></Users/nishthaarora/Library/TinyTeX/texmf-dist/fonts/type1/public/lm/lmro12.pfb>
Output written on report_pdfFormat.pdf (30 pages, 1990454 bytes).
PDF statistics:
 475 PDF objects out of 1000 (max. 8388607)
 387 compressed objects within 4 object streams
 92 named destinations out of 1000 (max. 500000)
 45254 words of extra memory for PDF output out of 51595 (max. 10000000)

